<?xml version="1.0" encoding="UTF-8"?>
<testng-results skipped="0" failed="0" ignored="0" total="2" passed="2">
  <reporter-output>
  </reporter-output>
  <suite name="Default suite" duration-ms="42376" started-at="2018-07-08T16:50:37Z" finished-at="2018-07-08T16:51:19Z">
    <groups>
    </groups>
    <test name="Default test" duration-ms="42376" started-at="2018-07-08T16:50:37Z" finished-at="2018-07-08T16:51:19Z">
      <class name="com.masteringselenium.BasicTestWD">
        <test-method status="PASS" signature="instantiteDriverObject()[pri:0, instance:com.masteringselenium.BasicTestWD@c4039c]" name="instantiteDriverObject" is-config="true" duration-ms="31" started-at="2018-07-08T22:20:37Z" finished-at="2018-07-08T22:20:37Z">
          <reporter-output>
          </reporter-output>
        </test-method> <!-- instantiteDriverObject -->
        <test-method status="PASS" signature="Milk()[pri:0, instance:com.masteringselenium.BasicTestWD@c4039c]" name="Milk" duration-ms="20545" started-at="2018-07-08T22:20:37Z" finished-at="2018-07-08T22:20:57Z">
          <reporter-output>
          </reporter-output>
        </test-method> <!-- Milk -->
        <test-method status="PASS" signature="quitDriver()[pri:0, instance:com.masteringselenium.BasicTestWD@c4039c]" name="quitDriver" is-config="true" duration-ms="4031" started-at="2018-07-08T22:20:57Z" finished-at="2018-07-08T22:21:01Z">
          <reporter-output>
          </reporter-output>
        </test-method> <!-- quitDriver -->
        <test-method status="PASS" signature="cheese()[pri:0, instance:com.masteringselenium.BasicTestWD@c4039c]" name="cheese" duration-ms="14830" started-at="2018-07-08T22:21:01Z" finished-at="2018-07-08T22:21:16Z">
          <reporter-output>
          </reporter-output>
        </test-method> <!-- cheese -->
        <test-method status="PASS" signature="quitDriver()[pri:0, instance:com.masteringselenium.BasicTestWD@c4039c]" name="quitDriver" is-config="true" duration-ms="2876" started-at="2018-07-08T22:21:16Z" finished-at="2018-07-08T22:21:19Z">
          <reporter-output>
          </reporter-output>
        </test-method> <!-- quitDriver -->
      </class> <!-- com.masteringselenium.BasicTestWD -->
    </test> <!-- Default test -->
  </suite> <!-- Default suite -->
</testng-results>
